<?xml version="1.0" encoding="UTF-8"?>
<!-- Generated by org.testng.reporters.JUnitReportReporter -->
<testsuite hostname="DESKTOP-3P63P30" failures="0" tests="6" name="tests.Tests" time="11.768" errors="0" timestamp="2025-09-09T16:57:37 IST" skipped="0">
  <testcase classname="tests.Tests" name="Login" time="1.314"/>
  <testcase classname="tests.Tests" name="loanApplicationTest" time="1.667"/>
  <testcase classname="tests.Tests" name="loanAppovalReject" time="2.668"/>
  <testcase classname="tests.Tests" name="fundsTransfer" time="1.492"/>
  <testcase classname="tests.Tests" name="transctionHistory" time="2.267"/>
  <testcase classname="tests.Tests" name="billPayTest" time="2.360"/>
</testsuite> <!-- tests.Tests -->
